#1 38
#2 88820
#3 35738
#4 41050
#5 12115
#6 73365
#7 21143
#8 47484
#9 35794
#10 10469
#11 35
#12 15335
#13 65
#14 84
#15 26557
#16 25341
#17 55353
#18 20
#19 13759
#20 16927
#21 19584
#22 43150
#23 29110
#24 20
#25 18050
#26 92764
#27 24
#28 28471
#29 24931
#30 77
#31 93642
#32 69310
#33 57
#34 55661
#35 21612
#36 37006
#37 84193
#38 51191
#39 96714
#40 24
#41 35188
#42 9
#43 26
#44 98856
#45 43
#46 86511
#47 22866
#48 22649
#49 11
#50 15566
#51 24452
#52 15651
#53 76761
#54 25
#55 24196
#56 26
#57 29259
#58 13470
#59 68023
#60 52
#61 25633
#62 28
#63 17
#64 -1
#65 59
#66 21
#67 18
#68 37
#69 35648
#70 13
#71 45
#72 55
#73 16696
#74 14825
#75 26025
#76 75
#77 71122
#78 15
#79 39543
#80 58
#81 40282
#82 37698
#83 61618
#84 88910
#85 49
#86 45478
#87 13
#88 38558
#89 51339
#90 31440
#91 96266
#92 17
#93 86633
#94 29903
#95 15187
#96 102
#97 79640
#98 72722
#99 17537
#100 29695
#101 8208
#102 39090
#103 84276
#104 30555
#105 75232
#106 38396
#107 24
#108 29869
#109 16
#110 58630
#111 9410
#112 40
#113 22
#114 87118
#115 9715
#116 95303
#117 28
#118 29888
#119 71608
#120 76120
#121 66979
#122 31
#123 45
#124 34584
#125 46735
#126 29074
#127 39042
#128 5367
#129 78729
#130 15
#131 65981
#132 11879
#133 85684
#134 15168
#135 15
#136 8
#137 20
#138 57779
#139 6800
#140 46
#141 39461
#142 6480
#143 8338
#144 15
#145 37
#146 9892
#147 62676
#148 35243
#149 46
#150 29
