#1 35794
#2 25
#3 12115
#4 8208
#5 16696
#6 15
#7 20
#8 58
#9 29888
#10 84276
#11 92764
#12 28
#13 8338
#14 88910
#15 71608
#16 51339
#17 59
#18 15566
#19 62676
#20 34584
#21 84
#22 -1
#23 39543
#24 26025
#25 45478
#26 45
#27 15
#28 10469
#29 84193
#30 65
#31 61618
#32 37
#33 76120
#34 9892
#35 19584
#36 46
#37 35738
#38 22
#39 85684
#40 22866
#41 11879
#42 96714
#43 98856
#44 37006
#45 38558
#46 88820
#47 75
#48 25633
#49 39042
#50 31
#51 35
#52 78729
#53 41050
#54 55661
#55 35648
#56 9410
#57 46735
#58 14825
#59 29110
#60 76761
#61 40282
#62 21
#63 57
#64 15335
#65 29
#66 17
#67 13
#68 51191
#69 39090
#70 21143
#71 26557
#72 35188
#73 86633
#74 9715
#75 68023
#76 29869
#77 15168
#78 38396
#79 77
#80 24
#81 13470
#82 58630
#83 95303
#84 46
#85 5367
#86 37
#87 75232
#88 24452
#89 16
#90 29259
#91 29903
#92 15
#93 55
#94 13
#95 18
#96 45
#97 24
#98 87118
#99 35243
#100 69310
#101 43150
#102 43
#103 52
#104 13759
#105 57779
#106 24196
#107 93642
#108 20
#109 66979
#110 24931
#111 102
#112 17537
#113 26
#114 86511
#115 15
#116 15651
#117 37698
#118 28471
#119 29074
#120 79640
#121 24
#122 73365
#123 8
#124 15187
#125 18050
#126 49
#127 47484
#128 6480
#129 29695
#130 40
#131 9
#132 6800
#133 26
#134 55353
#135 39461
#136 65981
#137 21612
#138 11
#139 72722
#140 96266
#141 38
#142 31440
#143 17
#144 71122
#145 28
#146 20
#147 22649
#148 16927
#149 30555
#150 25341
