#1 59
#2 18
#3 21
#4 16927
#5 15566
#6 35794
#7 5367
#8 39461
#9 17
#10 38396
#11 55
#12 6480
#13 29888
#14 40282
#15 87118
#16 84276
#17 46735
#18 21143
#19 12115
#20 9715
#21 57779
#22 55661
#23 76761
#24 29
#25 26
#26 29259
#27 35188
#28 13
#29 26025
#30 29074
#31 38
#32 68023
#33 9
#34 -1
#35 93642
#36 25
#37 86633
#38 16696
#39 21612
#40 15
#41 13759
#42 84193
#43 79640
#44 24452
#45 24931
#46 39090
#47 22649
#48 24196
#49 85684
#50 71122
#51 75
#52 102
#53 28471
#54 6800
#55 43150
#56 75232
#57 17
#58 22866
#59 84
#60 51191
#61 20
#62 37698
#63 35648
#64 29903
#65 24
#66 29110
#67 95303
#68 8
#69 28
#70 41050
#71 15187
#72 25633
#73 29695
#74 62676
#75 38558
#76 45
#77 15
#78 92764
#79 28
#80 55353
#81 46
#82 78729
#83 98856
#84 15168
#85 72722
#86 26557
#87 49
#88 29869
#89 30555
#90 46
#91 15335
#92 58630
#93 37006
#94 65981
#95 65
#96 26
#97 77
#98 11
#99 20
#100 96714
#101 96266
#102 17537
#103 8208
#104 73365
#105 20
#106 86511
#107 10469
#108 69310
#109 45
#110 22
#111 58
#112 8338
#113 43
#114 37
#115 47484
#116 52
#117 88910
#118 88820
#119 15
#120 24
#121 37
#122 35243
#123 31
#124 25341
#125 19584
#126 61618
#127 66979
#128 9410
#129 15651
#130 13470
#131 24
#132 40
#133 13
#134 71608
#135 39543
#136 31440
#137 51339
#138 11879
#139 39042
#140 57
#141 15
#142 34584
#143 35738
#144 9892
#145 16
#146 45478
#147 18050
#148 35
#149 76120
#150 14825
