#1 72722
#2 35738
#3 24
#4 34584
#5 15
#6 52
#7 43150
#8 62676
#9 18050
#10 20
#11 28471
#12 51339
#13 73365
#14 45
#15 16696
#16 43
#17 65
#18 25
#19 87118
#20 37
#21 66979
#22 16
#23 38
#24 10469
#25 29259
#26 38396
#27 84193
#28 15
#29 22
#30 29903
#31 26025
#32 45
#33 47484
#34 76120
#35 41050
#36 29695
#37 71122
#38 68023
#39 31
#40 14825
#41 46
#42 75
#43 28
#44 29888
#45 39090
#46 8208
#47 85684
#48 25341
#49 93642
#50 86511
#51 58
#52 55661
#53 -1
#54 20
#55 88910
#56 29110
#57 13470
#58 49
#59 15
#60 35648
#61 26
#62 35794
#63 76761
#64 26557
#65 30555
#66 11879
#67 9410
#68 13759
#69 15651
#70 59
#71 9715
#72 88820
#73 6800
#74 13
#75 65981
#76 22649
#77 37698
#78 37006
#79 77
#80 15
#81 24
#82 29074
#83 35188
#84 86633
#85 21143
#86 15335
#87 57
#88 84
#89 24196
#90 9
#91 40
#92 26
#93 55
#94 17537
#95 15187
#96 78729
#97 18
#98 29869
#99 22866
#100 79640
#101 19584
#102 75232
#103 45478
#104 20
#105 15168
#106 11
#107 17
#108 92764
#109 55353
#110 9892
#111 13
#112 95303
#113 39042
#114 71608
#115 96266
#116 8
#117 102
#118 5367
#119 15566
#120 17
#121 25633
#122 96714
#123 21612
#124 51191
#125 16927
#126 40282
#127 28
#128 46
#129 84276
#130 38558
#131 57779
#132 69310
#133 37
#134 24931
#135 24
#136 8338
#137 21
#138 39543
#139 12115
#140 39461
#141 31440
#142 35
#143 61618
#144 58630
#145 98856
#146 6480
#147 29
#148 24452
#149 35243
#150 46735
