#1 28
#2 43
#3 13
#4 73365
#5 37698
#6 35648
#7 40282
#8 49
#9 52
#10 -1
#11 9
#12 76120
#13 17
#14 17
#15 22866
#16 86633
#17 29695
#18 11879
#19 25633
#20 16927
#21 21
#22 46
#23 29074
#24 35188
#25 71608
#26 26557
#27 38558
#28 45478
#29 84
#30 85684
#31 25341
#32 35794
#33 24
#34 24
#35 21612
#36 29869
#37 86511
#38 15335
#39 102
#40 15
#41 13759
#42 93642
#43 21143
#44 15651
#45 79640
#46 26
#47 10469
#48 39543
#49 59
#50 84193
#51 69310
#52 11
#53 96714
#54 65
#55 31
#56 9892
#57 31440
#58 15
#59 5367
#60 15187
#61 8208
#62 39042
#63 84276
#64 75232
#65 46735
#66 15566
#67 87118
#68 37
#69 88910
#70 26025
#71 17537
#72 12115
#73 41050
#74 8338
#75 39461
#76 29110
#77 16
#78 61618
#79 46
#80 24
#81 9715
#82 38
#83 19584
#84 13470
#85 68023
#86 92764
#87 57
#88 22
#89 30555
#90 20
#91 65981
#92 55
#93 98856
#94 66979
#95 76761
#96 58630
#97 39090
#98 71122
#99 45
#100 9410
#101 26
#102 15
#103 28
#104 6800
#105 25
#106 16696
#107 45
#108 95303
#109 78729
#110 18050
#111 24931
#112 20
#113 38396
#114 35
#115 28471
#116 24196
#117 8
#118 22649
#119 96266
#120 75
#121 88820
#122 37
#123 29
#124 29903
#125 57779
#126 72722
#127 37006
#128 13
#129 62676
#130 14825
#131 47484
#132 51339
#133 77
#134 51191
#135 15168
#136 20
#137 34584
#138 35243
#139 58
#140 55353
#141 29259
#142 18
#143 43150
#144 55661
#145 35738
#146 24452
#147 40
#148 29888
#149 6480
#150 15
