#1 51191
#2 29695
#3 58630
#4 59
#5 55661
#6 8338
#7 96266
#8 24196
#9 57779
#10 39543
#11 38396
#12 29903
#13 13470
#14 58
#15 43
#16 35243
#17 46
#18 26
#19 65
#20 11879
#21 49
#22 13759
#23 45
#24 20
#25 17537
#26 9
#27 65981
#28 25
#29 13
#30 39461
#31 15
#32 88820
#33 69310
#34 17
#35 98856
#36 37006
#37 24
#38 72722
#39 9410
#40 71608
#41 22866
#42 18050
#43 15566
#44 51339
#45 84193
#46 57
#47 46735
#48 13
#49 21
#50 29888
#51 21143
#52 92764
#53 52
#54 25633
#55 31
#56 8208
#57 29110
#58 18
#59 93642
#60 25341
#61 38558
#62 96714
#63 40282
#64 47484
#65 35794
#66 102
#67 73365
#68 8
#69 66979
#70 55
#71 24931
#72 39042
#73 45
#74 46
#75 31440
#76 5367
#77 95303
#78 29
#79 88910
#80 20
#81 35188
#82 84
#83 76120
#84 37
#85 21612
#86 28
#87 15
#88 71122
#89 15
#90 68023
#91 -1
#92 28
#93 15335
#94 26
#95 24
#96 24452
#97 37698
#98 15187
#99 15168
#100 78729
#101 77
#102 15
#103 76761
#104 22
#105 11
#106 84276
#107 38
#108 9892
#109 20
#110 35738
#111 22649
#112 24
#113 43150
#114 29869
#115 34584
#116 75232
#117 75
#118 9715
#119 79640
#120 17
#121 37
#122 14825
#123 6800
#124 87118
#125 55353
#126 85684
#127 12115
#128 6480
#129 45478
#130 15651
#131 26025
#132 10469
#133 39090
#134 16696
#135 28471
#136 19584
#137 30555
#138 86633
#139 16927
#140 29074
#141 26557
#142 16
#143 40
#144 35648
#145 61618
#146 29259
#147 86511
#148 35
#149 41050
#150 62676
